<?xml version="1.0" encoding="UTF-8"?>
<!-- Generated by org.testng.reporters.JUnitReportReporter -->
<testsuite skipped="0" hostname="liluyang-macpro2.roam.corp.google.com" name="problem.winston.Fisherman" tests="1" failures="0" timestamp="28 Dec 2018 01:52:33 GMT" time="0.009" errors="0">
  <testcase name="test" time="0.009" classname="problem.winston.Fisherman"/>
</testsuite> <!-- problem.winston.Fisherman -->
