<?xml version="1.0" encoding="UTF-8"?>
<!-- Generated by org.testng.reporters.JUnitReportReporter -->
<testsuite hostname="Luyang-Lis-MacBook-Pro.local" name="problem.winston.Fisherman" tests="1" failures="0" timestamp="28 Feb 2015 14:37:45 GMT" time="0.040" errors="0">
  <testcase name="test" time="0.040" classname="problem.winston.Fisherman"/>
</testsuite> <!-- problem.winston.Fisherman -->
